[debug] [2017-06-28T20:00:07.308Z] ----------------------------------------------------------------------
[debug] [2017-06-28T20:00:07.315Z] Command:      C:\Program Files (x86)\nodejs\node.exe C:\Users\alvar_000\AppData\Roaming\npm\node_modules\firebase-tools\bin\firebase serve
[debug] [2017-06-28T20:00:07.316Z] CLI Version:  3.9.1
[debug] [2017-06-28T20:00:07.316Z] Platform:     win32
[debug] [2017-06-28T20:00:07.316Z] Node Version: v6.11.0
[debug] [2017-06-28T20:00:07.322Z] Time:         Wed Jun 28 2017 14:00:07 GMT-0600 (Hora estándar, América Central)
[debug] [2017-06-28T20:00:07.322Z] ----------------------------------------------------------------------
[debug] 
[debug] [2017-06-28T20:00:07.373Z] > command requires scopes: ["email","openid","https://www.googleapis.com/auth/cloudplatformprojects.readonly","https://www.googleapis.com/auth/firebase","https://www.googleapis.com/auth/cloud-platform"]
[debug] [2017-06-28T20:00:07.374Z] > authorizing via signed-in user
[debug] [2017-06-28T20:00:07.382Z] > refreshing access token with scopes: ["email","https://www.googleapis.com/auth/cloud-platform","https://www.googleapis.com/auth/cloudplatformprojects.readonly","https://www.googleapis.com/auth/firebase","openid"]
[debug] [2017-06-28T20:00:07.383Z] >>> HTTP REQUEST POST https://www.googleapis.com/oauth2/v3/token { refresh_token: '1/koxjV2y7EkwmO5AyXj4hxSs84dILZ00FUY7JVoa1aMw1Ud_YnOjOhTR-Ymiw7CUm',
  client_id: '563584335869-fgrhgmd47bqnekij5i8b5pr03ho849e6.apps.googleusercontent.com',
  client_secret: 'j9iVZfS8kkCEFUPaAeJV0sAi',
  grant_type: 'refresh_token',
  scope: 'email https://www.googleapis.com/auth/cloud-platform https://www.googleapis.com/auth/cloudplatformprojects.readonly https://www.googleapis.com/auth/firebase openid' } 
 Wed Jun 28 2017 14:00:07 GMT-0600 (Hora estándar, América Central)
[debug] [2017-06-28T20:00:07.822Z] <<< HTTP RESPONSE 200
[debug] [2017-06-28T20:00:07.897Z] >>> HTTP REQUEST GET https://admin.firebase.com/v1/projects/chat-ee348  
 Wed Jun 28 2017 14:00:07 GMT-0600 (Hora estándar, América Central)
[debug] [2017-06-28T20:00:08.658Z] <<< HTTP RESPONSE 200
[debug] [2017-06-28T20:00:08.661Z] >>> HTTP REQUEST GET https://admin.firebase.com/v1/database/chat-ee348/tokens  
 Wed Jun 28 2017 14:00:08 GMT-0600 (Hora estándar, América Central)
[debug] [2017-06-28T20:00:09.154Z] <<< HTTP RESPONSE 200
[info] 
[info] === Serving from 'C:\Users\alvar_000\friendlychat\web-start'...
[info] 
[debug] [2017-06-28T20:00:09.165Z] >>> HTTP REQUEST GET https://cloudresourcemanager.googleapis.com/v1/projects/chat-ee348  
 Wed Jun 28 2017 14:00:09 GMT-0600 (Hora estándar, América Central)
[debug] [2017-06-28T20:00:09.659Z] <<< HTTP RESPONSE 200
[debug] [2017-06-28T20:00:09.661Z] >>> HTTP REQUEST GET https://mobilesdk-pa.googleapis.com/v1/projects/86424947981/clients/_:getWebAppConfig  
 Wed Jun 28 2017 14:00:09 GMT-0600 (Hora estándar, América Central)
[debug] [2017-06-28T20:00:10.281Z] <<< HTTP RESPONSE 200
[info] i  hosting: Serving hosting files from: ./
[info] +  hosting: Local server: http://localhost:5000

